[debug] [2021-01-05T03:56:22.958Z] ----------------------------------------------------------------------
[debug] [2021-01-05T03:56:22.960Z] Command:       C:\Program Files\nodejs\node.exe C:\Users\Dughes\AppData\Roaming\npm\node_modules\firebase-tools\lib\bin\firebase.js init
[debug] [2021-01-05T03:56:22.960Z] CLI Version:   9.1.0
[debug] [2021-01-05T03:56:22.960Z] Platform:      win32
[debug] [2021-01-05T03:56:22.960Z] Node Version:  v14.13.0
[debug] [2021-01-05T03:56:22.961Z] Time:          Tue Jan 05 2021 14:56:22 GMT+1100 (Australian Eastern Daylight Time)
[debug] [2021-01-05T03:56:22.961Z] ----------------------------------------------------------------------
[debug] [2021-01-05T03:56:22.961Z] 
[debug] [2021-01-05T03:56:22.967Z] > command requires scopes: ["email","openid","https://www.googleapis.com/auth/cloudplatformprojects.readonly","https://www.googleapis.com/auth/firebase","https://www.googleapis.com/auth/cloud-platform"]
[debug] [2021-01-05T03:56:22.967Z] > authorizing via signed-in user
[info] 
     ######## #### ########  ######## ########     ###     ######  ########
     ##        ##  ##     ## ##       ##     ##  ##   ##  ##       ##
     ######    ##  ########  ######   ########  #########  ######  ######
     ##        ##  ##    ##  ##       ##     ## ##     ##       ## ##
     ##       #### ##     ## ######## ########  ##     ##  ######  ########

You're about to initialize a Firebase project in this directory:

  C:\Users\Dughes\Desktop\homework\contact_tracer

Before we get started, keep in mind:

  * You are initializing in an existing Firebase project directory

[info] 
=== Project Setup
[info] 
[info] First, let's associate this project directory with a Firebase project.
[info] You can create multiple project aliases by running firebase use --add, 
[info] but for now we'll just set up a default project.
[info] 
[info] i  .firebaserc already has a default project, using contact-tracer-29f4f. 
[debug] [2021-01-05T03:56:29.747Z] >>> HTTP REQUEST GET https://firebase.googleapis.com/v1beta1/projects/contact-tracer-29f4f  
 
[debug] [2021-01-05T03:56:30.234Z] <<< HTTP RESPONSE 200 {"content-type":"application/json; charset=UTF-8","vary":"X-Origin, Referer, Origin,Accept-Encoding","date":"Tue, 05 Jan 2021 03:56:28 GMT","server":"ESF","cache-control":"private","x-xss-protection":"0","x-frame-options":"SAMEORIGIN","x-content-type-options":"nosniff","alt-svc":"h3-29=\":443\"; ma=2592000,h3-T051=\":443\"; ma=2592000,h3-Q050=\":443\"; ma=2592000,h3-Q046=\":443\"; ma=2592000,h3-Q043=\":443\"; ma=2592000,quic=\":443\"; ma=2592000; v=\"46,43\"","accept-ranges":"none","transfer-encoding":"chunked"}
[info] 
=== Hosting Setup
[info] 
[info] Your public directory is the folder (relative to your project directory) that
[info] will contain Hosting assets to be uploaded with firebase deploy. If you
[info] have a build process for your assets, use your build's output directory.
[info] 
